2025-01-31 05:44:58,363 - 🚀 Starting job fetching process...
2025-01-31 05:44:58,364 - Fetching jobs from RemoteOK...
2025-01-31 05:44:58,613 - ✅ Fetched 0 new jobs from RemoteOK.
2025-01-31 05:44:58,614 - ℹ No new jobs found today.
2025-01-31 06:03:50,670 - 🚀 Starting job fetching process...
2025-01-31 06:03:50,670 - Fetching jobs from RemoteOK...
2025-01-31 06:03:50,877 - ✅ Fetched 0 new jobs from RemoteOK.
2025-01-31 06:03:50,878 - Fetching jobs from Remotive...
2025-01-31 06:03:51,504 - ✅ Fetched 0 new jobs from Remotive.
2025-01-31 06:03:51,505 - ℹ No new jobs found today.
2025-01-31 12:33:01,255 - 🚀 Starting job fetching process...
2025-01-31 12:33:01,255 - Fetching jobs from RemoteOK...
2025-01-31 12:33:01,538 - ✅ Fetched 0 new jobs from RemoteOK.
2025-01-31 12:33:01,539 - Fetching jobs from Remotive...
2025-01-31 12:33:02,278 - ✅ Fetched 0 new jobs from Remotive.
2025-01-31 12:33:02,280 - ℹ No new jobs found today.
2025-02-01 12:29:50,371 - 🚀 Starting job fetching process...
2025-02-01 12:29:50,371 - Fetching jobs from RemoteOK...
2025-02-01 12:29:50,914 - ✅ Fetched 0 new jobs from RemoteOK.
2025-02-01 12:29:50,914 - Fetching jobs from Remotive...
2025-02-01 12:29:51,684 - ✅ Fetched 0 new jobs from Remotive.
2025-02-01 12:29:51,685 - ℹ No new jobs found today.
2025-02-02 12:29:19,636 - 🚀 Starting job fetching process...
2025-02-02 12:29:19,636 - Fetching jobs from RemoteOK...
2025-02-02 12:29:20,178 - ✅ Fetched 59 new jobs from RemoteOK.
2025-02-02 12:29:20,179 - Fetching jobs from Remotive...
2025-02-02 12:29:20,779 - ✅ Fetched 583 new jobs from Remotive.
2025-02-02 12:29:20,787 - ✅ Successfully updated jobs.json with 679 total jobs.
