2025-02-01 22:01:47,522 - ✅ Posting to general_subreddits.
2025-02-01 22:01:47,522 - ✅ Generating post title: [Hiring] [onsite] [USA] - Principal Software Engineer - Feb 01, 2025
2025-02-01 22:01:48,439 - ❌ Error posting to Reddit: SUBMIT_VALIDATION_TITLE_REGEX_REQUIREMENT: 'Your title does not meet the requirements for this community. See the rules for more details.' on field 'title'
2025-02-01 22:01:48,439 - ✅ Posting to remote_subreddits.
2025-02-01 22:01:48,439 - ✅ Generating post title: [Hiring] [remote] [USA] - Senior Software Engineer - Feb 01, 2025
2025-02-01 22:01:48,658 - ❌ Error posting to Reddit: name 'subreddit_flairs' is not defined
2025-02-01 22:01:48,658 - ✅ Script run complete.
2025-02-01 22:11:34,461 - ✅ Posting to general_subreddits.
2025-02-01 22:11:34,461 - ✅ Generating post title: [Hiring] [Onsite] [USA] - Principal Software Engineer - Feb 01, 2025
2025-02-01 22:11:35,491 - ❌ Error posting to Reddit: SubmissionFlair.select() got an unexpected keyword argument 'flair_text'
2025-02-01 22:11:35,491 - ✅ Posting to remote_subreddits.
2025-02-01 22:11:35,491 - ✅ Generating post title: [Hiring] [Remote] [USA] - Senior Software Engineer - Feb 01, 2025
2025-02-01 22:11:35,793 - ✅ Successfully posted job: Senior Software Engineer to r/remotework.
2025-02-01 22:11:35,969 - ❌ Error posting to Reddit: SUBMIT_VALIDATION_FLAIR_REQUIRED: 'Your post must contain post flair.' on field 'flair'
2025-02-01 22:11:35,969 - ✅ Script run complete.
2025-02-01 22:33:33,257 - ✅ Posting to general_subreddits.
2025-02-01 22:33:33,257 - ✅ Generating post title: [Hiring] [Onsite] [USA] - Principal Software Engineer - Feb 01, 2025
2025-02-01 22:33:33,257 - Posting the job: Principal Software Engineer to r/techjobs.
2025-02-01 22:33:34,558 - ❌ Error posting to Reddit: received 403 HTTP response
2025-02-01 22:33:34,558 - ✅ Posting to remote_subreddits.
2025-02-01 22:33:34,559 - ✅ Generating post title: [Hiring] [Remote] [USA] - Senior Software Engineer - Feb 01, 2025
2025-02-01 22:33:34,559 - Posting the job: Senior Software Engineer to r/remotejobs.
2025-02-01 22:33:34,735 - ❌ Error posting to Reddit: SUBMIT_VALIDATION_FLAIR_REQUIRED: 'Your post must contain post flair.' on field 'flair'
2025-02-01 22:33:34,735 - ✅ Script run complete.
